[11-Oct-2025 09:06:12 America/Bogota] PHP Warning:  Cannot modify header information - headers already sent by (output started at C:\xampp\htdocs\inventarioG4sabado\views\public\modules\services.php:1) in C:\xampp\htdocs\inventarioG4sabado\Controllers\UserController.php on line 33
[11-Oct-2025 09:06:18 America/Bogota] PHP Warning:  Cannot modify header information - headers already sent by (output started at C:\xampp\htdocs\inventarioG4sabado\views\public\modules\services.php:1) in C:\xampp\htdocs\inventarioG4sabado\Controllers\UserController.php on line 33
[11-Oct-2025 09:06:44 America/Bogota] PHP Warning:  Cannot modify header information - headers already sent by (output started at C:\xampp\htdocs\inventarioG4sabado\views\public\modules\services.php:1) in C:\xampp\htdocs\inventarioG4sabado\Controllers\UserController.php on line 33
[11-Oct-2025 09:08:50 America/Bogota] PHP Warning:  Cannot modify header information - headers already sent by (output started at C:\xampp\htdocs\inventarioG4sabado\views\public\modules\services.php:1) in C:\xampp\htdocs\inventarioG4sabado\Controllers\UserController.php on line 33
[11-Oct-2025 10:13:02 America/Bogota] PHP Warning:  Cannot modify header information - headers already sent by (output started at C:\xampp\htdocs\inventarioG4sabado\views\public\modules\services.php:1) in C:\xampp\htdocs\inventarioG4sabado\Controllers\UserController.php on line 33
[11-Oct-2025 10:13:24 America/Bogota] PHP Warning:  Cannot modify header information - headers already sent by (output started at C:\xampp\htdocs\inventarioG4sabado\views\public\modules\services.php:1) in C:\xampp\htdocs\inventarioG4sabado\Controllers\UserController.php on line 33
[11-Oct-2025 10:14:29 America/Bogota] PHP Warning:  Cannot modify header information - headers already sent by (output started at C:\xampp\htdocs\inventarioG4sabado\views\public\modules\services.php:1) in C:\xampp\htdocs\inventarioG4sabado\Controllers\UserController.php on line 33
[11-Oct-2025 10:15:26 America/Bogota] PHP Warning:  Cannot modify header information - headers already sent by (output started at C:\xampp\htdocs\inventarioG4sabado\views\public\modules\services.php:1) in C:\xampp\htdocs\inventarioG4sabado\Controllers\UserController.php on line 33
[11-Oct-2025 10:15:58 America/Bogota] PHP Warning:  Cannot modify header information - headers already sent by (output started at C:\xampp\htdocs\inventarioG4sabado\views\public\modules\services.php:1) in C:\xampp\htdocs\inventarioG4sabado\Controllers\UserController.php on line 33
[11-Oct-2025 10:16:49 America/Bogota] PHP Warning:  Cannot modify header information - headers already sent by (output started at C:\xampp\htdocs\inventarioG4sabado\views\public\modules\services.php:1) in C:\xampp\htdocs\inventarioG4sabado\Controllers\UserController.php on line 33
[11-Oct-2025 10:23:14 America/Bogota] PHP Warning:  Undefined array key "nombre" in C:\xampp\htdocs\inventarioG4sabado\views\private\modules\topbar.php on line 158
[11-Oct-2025 10:23:14 America/Bogota] PHP Warning:  include_once(views/public/pages/inicio/index.php): Failed to open stream: No such file or directory in C:\xampp\htdocs\inventarioG4sabado\views\public\landingpage.php on line 17
[11-Oct-2025 10:23:14 America/Bogota] PHP Warning:  include_once(): Failed opening 'views/public/pages/inicio/index.php' for inclusion (include_path='C:\xampp\php\PEAR') in C:\xampp\htdocs\inventarioG4sabado\views\public\landingpage.php on line 17
[11-Oct-2025 10:23:20 America/Bogota] PHP Warning:  Undefined array key "nombre" in C:\xampp\htdocs\inventarioG4sabado\views\private\modules\topbar.php on line 158
[11-Oct-2025 10:23:20 America/Bogota] PHP Warning:  include_once(views/public/pages/inicio/index.php): Failed to open stream: No such file or directory in C:\xampp\htdocs\inventarioG4sabado\views\public\landingpage.php on line 17
[11-Oct-2025 10:23:20 America/Bogota] PHP Warning:  include_once(): Failed opening 'views/public/pages/inicio/index.php' for inclusion (include_path='C:\xampp\php\PEAR') in C:\xampp\htdocs\inventarioG4sabado\views\public\landingpage.php on line 17
[11-Oct-2025 10:26:33 America/Bogota] PHP Warning:  include_once(views/public/pages/inicio/index.php): Failed to open stream: No such file or directory in C:\xampp\htdocs\inventarioG4sabado\views\public\landingpage.php on line 14
[11-Oct-2025 10:26:33 America/Bogota] PHP Warning:  include_once(): Failed opening 'views/public/pages/inicio/index.php' for inclusion (include_path='C:\xampp\php\PEAR') in C:\xampp\htdocs\inventarioG4sabado\views\public\landingpage.php on line 14
[11-Oct-2025 10:26:35 America/Bogota] PHP Warning:  include_once(views/public/pages/inicio/index.php): Failed to open stream: No such file or directory in C:\xampp\htdocs\inventarioG4sabado\views\public\landingpage.php on line 14
[11-Oct-2025 10:26:35 America/Bogota] PHP Warning:  include_once(): Failed opening 'views/public/pages/inicio/index.php' for inclusion (include_path='C:\xampp\php\PEAR') in C:\xampp\htdocs\inventarioG4sabado\views\public\landingpage.php on line 14
[11-Oct-2025 10:26:35 America/Bogota] PHP Warning:  include_once(views/public/pages/inicio/index.php): Failed to open stream: No such file or directory in C:\xampp\htdocs\inventarioG4sabado\views\public\landingpage.php on line 14
[11-Oct-2025 10:26:35 America/Bogota] PHP Warning:  include_once(): Failed opening 'views/public/pages/inicio/index.php' for inclusion (include_path='C:\xampp\php\PEAR') in C:\xampp\htdocs\inventarioG4sabado\views\public\landingpage.php on line 14
[11-Oct-2025 10:26:35 America/Bogota] PHP Warning:  include_once(views/public/pages/inicio/index.php): Failed to open stream: No such file or directory in C:\xampp\htdocs\inventarioG4sabado\views\public\landingpage.php on line 14
[11-Oct-2025 10:26:35 America/Bogota] PHP Warning:  include_once(): Failed opening 'views/public/pages/inicio/index.php' for inclusion (include_path='C:\xampp\php\PEAR') in C:\xampp\htdocs\inventarioG4sabado\views\public\landingpage.php on line 14
[11-Oct-2025 10:26:35 America/Bogota] PHP Warning:  include_once(views/public/pages/inicio/index.php): Failed to open stream: No such file or directory in C:\xampp\htdocs\inventarioG4sabado\views\public\landingpage.php on line 14
[11-Oct-2025 10:26:35 America/Bogota] PHP Warning:  include_once(): Failed opening 'views/public/pages/inicio/index.php' for inclusion (include_path='C:\xampp\php\PEAR') in C:\xampp\htdocs\inventarioG4sabado\views\public\landingpage.php on line 14
[11-Oct-2025 10:26:41 America/Bogota] PHP Warning:  include(views/public/pages/inicio/index.php): Failed to open stream: No such file or directory in C:\xampp\htdocs\inventarioG4sabado\views\public\landingpage.php on line 20
[11-Oct-2025 10:26:41 America/Bogota] PHP Warning:  include(): Failed opening 'views/public/pages/inicio/index.php' for inclusion (include_path='C:\xampp\php\PEAR') in C:\xampp\htdocs\inventarioG4sabado\views\public\landingpage.php on line 20
[11-Oct-2025 10:26:46 America/Bogota] PHP Warning:  include(views/public/pages/inicio/index.php): Failed to open stream: No such file or directory in C:\xampp\htdocs\inventarioG4sabado\views\public\landingpage.php on line 20
[11-Oct-2025 10:26:46 America/Bogota] PHP Warning:  include(): Failed opening 'views/public/pages/inicio/index.php' for inclusion (include_path='C:\xampp\php\PEAR') in C:\xampp\htdocs\inventarioG4sabado\views\public\landingpage.php on line 20
[11-Oct-2025 10:26:46 America/Bogota] PHP Warning:  include(views/public/pages/inicio/index.php): Failed to open stream: No such file or directory in C:\xampp\htdocs\inventarioG4sabado\views\public\landingpage.php on line 20
[11-Oct-2025 10:26:46 America/Bogota] PHP Warning:  include(): Failed opening 'views/public/pages/inicio/index.php' for inclusion (include_path='C:\xampp\php\PEAR') in C:\xampp\htdocs\inventarioG4sabado\views\public\landingpage.php on line 20
[11-Oct-2025 10:26:46 America/Bogota] PHP Warning:  include(views/public/pages/inicio/index.php): Failed to open stream: No such file or directory in C:\xampp\htdocs\inventarioG4sabado\views\public\landingpage.php on line 20
[11-Oct-2025 10:26:46 America/Bogota] PHP Warning:  include(): Failed opening 'views/public/pages/inicio/index.php' for inclusion (include_path='C:\xampp\php\PEAR') in C:\xampp\htdocs\inventarioG4sabado\views\public\landingpage.php on line 20
[11-Oct-2025 10:26:46 America/Bogota] PHP Warning:  include(views/public/pages/inicio/index.php): Failed to open stream: No such file or directory in C:\xampp\htdocs\inventarioG4sabado\views\public\landingpage.php on line 20
[11-Oct-2025 10:26:46 America/Bogota] PHP Warning:  include(): Failed opening 'views/public/pages/inicio/index.php' for inclusion (include_path='C:\xampp\php\PEAR') in C:\xampp\htdocs\inventarioG4sabado\views\public\landingpage.php on line 20
[11-Oct-2025 10:27:40 America/Bogota] PHP Warning:  Cannot modify header information - headers already sent by (output started at C:\xampp\htdocs\inventarioG4sabado\views\public\modules\services.php:1) in C:\xampp\htdocs\inventarioG4sabado\Controllers\UserController.php on line 33
[11-Oct-2025 10:28:24 America/Bogota] PHP Warning:  Cannot modify header information - headers already sent by (output started at C:\xampp\htdocs\inventarioG4sabado\views\public\modules\services.php:1) in C:\xampp\htdocs\inventarioG4sabado\Controllers\UserController.php on line 33
[11-Oct-2025 10:29:06 America/Bogota] PHP Warning:  Cannot modify header information - headers already sent by (output started at C:\xampp\htdocs\inventarioG4sabado\views\public\modules\services.php:1) in C:\xampp\htdocs\inventarioG4sabado\Controllers\UserController.php on line 33
[11-Oct-2025 10:30:08 America/Bogota] PHP Warning:  Cannot modify header information - headers already sent by (output started at C:\xampp\htdocs\inventarioG4sabado\views\public\modules\services.php:1) in C:\xampp\htdocs\inventarioG4sabado\Controllers\UserController.php on line 33
[16-Oct-2025 07:33:44 America/Bogota] Error en findByEmail: SQLSTATE[HY000] [1049] Unknown database 'proyectog4'
[16-Oct-2025 07:33:44 America/Bogota] PHP Warning:  Trying to access array offset on value of type null in C:\xampp\htdocs\inventario1\Controllers\UserController.php on line 21
[16-Oct-2025 07:33:59 America/Bogota] Error en findByEmail: SQLSTATE[HY000] [1049] Unknown database 'proyectog4'
[16-Oct-2025 07:33:59 America/Bogota] PHP Warning:  Trying to access array offset on value of type null in C:\xampp\htdocs\inventario1\Controllers\UserController.php on line 21
[16-Oct-2025 07:35:49 America/Bogota] Error en findByEmail: SQLSTATE[HY000] [1049] Unknown database 'proyectog4'
[16-Oct-2025 07:35:49 America/Bogota] PHP Warning:  Trying to access array offset on value of type null in C:\xampp\htdocs\inventario1\Controllers\UserController.php on line 21
[16-Oct-2025 07:36:10 America/Bogota] Error en findByEmail: SQLSTATE[HY000] [1049] Unknown database 'proyectog4'
[16-Oct-2025 07:36:10 America/Bogota] PHP Warning:  Trying to access array offset on value of type null in C:\xampp\htdocs\inventario1\Controllers\UserController.php on line 21
[16-Oct-2025 07:37:10 America/Bogota] Error en findByEmail: SQLSTATE[HY000] [1049] Unknown database 'proyectog4'
[16-Oct-2025 07:37:10 America/Bogota] PHP Warning:  Trying to access array offset on value of type null in C:\xampp\htdocs\inventario1\Controllers\UserController.php on line 21
[16-Oct-2025 09:14:22 America/Bogota] PHP Warning:  include_once(partials/modals,php): Failed to open stream: No such file or directory in C:\xampp\htdocs\inventario1\views\private\pages\categorias\index.php on line 172
[16-Oct-2025 09:14:22 America/Bogota] PHP Warning:  include_once(): Failed opening 'partials/modals,php' for inclusion (include_path='C:\xampp\php\PEAR') in C:\xampp\htdocs\inventario1\views\private\pages\categorias\index.php on line 172
[16-Oct-2025 09:14:41 America/Bogota] PHP Warning:  include_once(partials/modals,php): Failed to open stream: No such file or directory in C:\xampp\htdocs\inventario1\views\private\pages\categorias\index.php on line 172
[16-Oct-2025 09:14:41 America/Bogota] PHP Warning:  include_once(): Failed opening 'partials/modals,php' for inclusion (include_path='C:\xampp\php\PEAR') in C:\xampp\htdocs\inventario1\views\private\pages\categorias\index.php on line 172
[16-Oct-2025 09:14:43 America/Bogota] PHP Warning:  include_once(partials/modals,php): Failed to open stream: No such file or directory in C:\xampp\htdocs\inventario1\views\private\pages\categorias\index.php on line 172
[16-Oct-2025 09:14:43 America/Bogota] PHP Warning:  include_once(): Failed opening 'partials/modals,php' for inclusion (include_path='C:\xampp\php\PEAR') in C:\xampp\htdocs\inventario1\views\private\pages\categorias\index.php on line 172
[16-Oct-2025 09:14:43 America/Bogota] PHP Warning:  include_once(partials/modals,php): Failed to open stream: No such file or directory in C:\xampp\htdocs\inventario1\views\private\pages\categorias\index.php on line 172
[16-Oct-2025 09:14:43 America/Bogota] PHP Warning:  include_once(): Failed opening 'partials/modals,php' for inclusion (include_path='C:\xampp\php\PEAR') in C:\xampp\htdocs\inventario1\views\private\pages\categorias\index.php on line 172
[16-Oct-2025 09:14:44 America/Bogota] PHP Warning:  include_once(partials/modals,php): Failed to open stream: No such file or directory in C:\xampp\htdocs\inventario1\views\private\pages\categorias\index.php on line 172
[16-Oct-2025 09:14:44 America/Bogota] PHP Warning:  include_once(): Failed opening 'partials/modals,php' for inclusion (include_path='C:\xampp\php\PEAR') in C:\xampp\htdocs\inventario1\views\private\pages\categorias\index.php on line 172
[16-Oct-2025 09:14:44 America/Bogota] PHP Warning:  include_once(partials/modals,php): Failed to open stream: No such file or directory in C:\xampp\htdocs\inventario1\views\private\pages\categorias\index.php on line 172
[16-Oct-2025 09:14:44 America/Bogota] PHP Warning:  include_once(): Failed opening 'partials/modals,php' for inclusion (include_path='C:\xampp\php\PEAR') in C:\xampp\htdocs\inventario1\views\private\pages\categorias\index.php on line 172
[16-Oct-2025 09:15:27 America/Bogota] PHP Warning:  include_once(partials/modals,php): Failed to open stream: No such file or directory in C:\xampp\htdocs\inventario1\views\private\pages\categorias\index.php on line 172
[16-Oct-2025 09:15:27 America/Bogota] PHP Warning:  include_once(): Failed opening 'partials/modals,php' for inclusion (include_path='C:\xampp\php\PEAR') in C:\xampp\htdocs\inventario1\views\private\pages\categorias\index.php on line 172
[16-Oct-2025 10:57:42 America/Bogota] PHP Parse error:  syntax error, unexpected token "}", expecting "," or ";" in C:\xampp\htdocs\inventario1\Controllers\ControllerCategory.php on line 64
[16-Oct-2025 10:57:47 America/Bogota] PHP Parse error:  syntax error, unexpected token "}", expecting "," or ";" in C:\xampp\htdocs\inventario1\Controllers\ControllerCategory.php on line 64
[16-Oct-2025 10:57:48 America/Bogota] PHP Parse error:  syntax error, unexpected token "}", expecting "," or ";" in C:\xampp\htdocs\inventario1\Controllers\ControllerCategory.php on line 64
[16-Oct-2025 10:57:49 America/Bogota] PHP Parse error:  syntax error, unexpected token "}", expecting "," or ";" in C:\xampp\htdocs\inventario1\Controllers\ControllerCategory.php on line 64
[16-Oct-2025 10:57:49 America/Bogota] PHP Parse error:  syntax error, unexpected token "}", expecting "," or ";" in C:\xampp\htdocs\inventario1\Controllers\ControllerCategory.php on line 64
[16-Oct-2025 10:57:50 America/Bogota] PHP Parse error:  syntax error, unexpected token "}", expecting "," or ";" in C:\xampp\htdocs\inventario1\Controllers\ControllerCategory.php on line 64
[16-Oct-2025 10:57:50 America/Bogota] PHP Parse error:  syntax error, unexpected token "}", expecting "," or ";" in C:\xampp\htdocs\inventario1\Controllers\ControllerCategory.php on line 64
[16-Oct-2025 10:57:50 America/Bogota] PHP Parse error:  syntax error, unexpected token "}", expecting "," or ";" in C:\xampp\htdocs\inventario1\Controllers\ControllerCategory.php on line 64
[16-Oct-2025 10:57:51 America/Bogota] PHP Parse error:  syntax error, unexpected token "}", expecting "," or ";" in C:\xampp\htdocs\inventario1\Controllers\ControllerCategory.php on line 64
[16-Oct-2025 10:57:51 America/Bogota] PHP Parse error:  syntax error, unexpected token "}", expecting "," or ";" in C:\xampp\htdocs\inventario1\Controllers\ControllerCategory.php on line 64
[16-Oct-2025 10:57:51 America/Bogota] PHP Parse error:  syntax error, unexpected token "}", expecting "," or ";" in C:\xampp\htdocs\inventario1\Controllers\ControllerCategory.php on line 64
[16-Oct-2025 11:00:27 America/Bogota] PHP Parse error:  syntax error, unexpected token "}" in C:\xampp\htdocs\inventario1\Controllers\ControllerCategory.php on line 67
[16-Oct-2025 11:00:27 America/Bogota] PHP Parse error:  syntax error, unexpected token "}" in C:\xampp\htdocs\inventario1\Controllers\ControllerCategory.php on line 67
[16-Oct-2025 11:00:28 America/Bogota] PHP Parse error:  syntax error, unexpected token "}" in C:\xampp\htdocs\inventario1\Controllers\ControllerCategory.php on line 67
[16-Oct-2025 11:00:28 America/Bogota] PHP Parse error:  syntax error, unexpected token "}" in C:\xampp\htdocs\inventario1\Controllers\ControllerCategory.php on line 67
[16-Oct-2025 11:00:28 America/Bogota] PHP Parse error:  syntax error, unexpected token "}" in C:\xampp\htdocs\inventario1\Controllers\ControllerCategory.php on line 67
[16-Oct-2025 11:00:30 America/Bogota] PHP Parse error:  syntax error, unexpected token "}" in C:\xampp\htdocs\inventario1\Controllers\ControllerCategory.php on line 67
[16-Oct-2025 11:00:30 America/Bogota] PHP Parse error:  syntax error, unexpected token "}" in C:\xampp\htdocs\inventario1\Controllers\ControllerCategory.php on line 67
[16-Oct-2025 11:00:30 America/Bogota] PHP Parse error:  syntax error, unexpected token "}" in C:\xampp\htdocs\inventario1\Controllers\ControllerCategory.php on line 67
[16-Oct-2025 11:00:30 America/Bogota] PHP Parse error:  syntax error, unexpected token "}" in C:\xampp\htdocs\inventario1\Controllers\ControllerCategory.php on line 67
[16-Oct-2025 11:00:31 America/Bogota] PHP Parse error:  syntax error, unexpected token "}" in C:\xampp\htdocs\inventario1\Controllers\ControllerCategory.php on line 67
[16-Oct-2025 11:00:31 America/Bogota] PHP Parse error:  syntax error, unexpected token "}" in C:\xampp\htdocs\inventario1\Controllers\ControllerCategory.php on line 67
[16-Oct-2025 11:00:59 America/Bogota] PHP Parse error:  syntax error, unexpected token "}" in C:\xampp\htdocs\inventario1\Controllers\ControllerCategory.php on line 67
[16-Oct-2025 11:01:02 America/Bogota] PHP Parse error:  syntax error, unexpected token "}" in C:\xampp\htdocs\inventario1\Controllers\ControllerCategory.php on line 67
[16-Oct-2025 11:01:59 America/Bogota] PHP Parse error:  syntax error, unexpected token "}" in C:\xampp\htdocs\inventario1\Controllers\ControllerCategory.php on line 67
[16-Oct-2025 11:01:59 America/Bogota] PHP Parse error:  syntax error, unexpected token "}" in C:\xampp\htdocs\inventario1\Controllers\ControllerCategory.php on line 67
[16-Oct-2025 11:02:48 America/Bogota] PHP Parse error:  syntax error, unexpected token "}" in C:\xampp\htdocs\inventario1\Models\ModelCategory.php on line 34
[16-Oct-2025 11:02:49 America/Bogota] PHP Parse error:  syntax error, unexpected token "}" in C:\xampp\htdocs\inventario1\Models\ModelCategory.php on line 34
[16-Oct-2025 11:02:49 America/Bogota] PHP Parse error:  syntax error, unexpected token "}" in C:\xampp\htdocs\inventario1\Models\ModelCategory.php on line 34
[16-Oct-2025 11:24:40 America/Bogota] PHP Fatal error:  Uncaught Error: Call to undefined method ControllerCategory::mostrarCategorias() in C:\xampp\htdocs\inventario1\views\private\pages\categorias\index.php:42
Stack trace:
#0 C:\xampp\htdocs\inventario1\views\private\backoffice.php(32): include_once()
#1 C:\xampp\htdocs\inventario1\views\template.php(51): include_once('C:\\xampp\\htdocs...')
#2 C:\xampp\htdocs\inventario1\Controllers\ControllerTemplate.php(6): include('C:\\xampp\\htdocs...')
#3 C:\xampp\htdocs\inventario1\index.php(30): ControllerTemplate->showTemplate()
#4 {main}
  thrown in C:\xampp\htdocs\inventario1\views\private\pages\categorias\index.php on line 42
[16-Oct-2025 11:24:41 America/Bogota] PHP Fatal error:  Uncaught Error: Call to undefined method ControllerCategory::mostrarCategorias() in C:\xampp\htdocs\inventario1\views\private\pages\categorias\index.php:42
Stack trace:
#0 C:\xampp\htdocs\inventario1\views\private\backoffice.php(32): include_once()
#1 C:\xampp\htdocs\inventario1\views\template.php(51): include_once('C:\\xampp\\htdocs...')
#2 C:\xampp\htdocs\inventario1\Controllers\ControllerTemplate.php(6): include('C:\\xampp\\htdocs...')
#3 C:\xampp\htdocs\inventario1\index.php(30): ControllerTemplate->showTemplate()
#4 {main}
  thrown in C:\xampp\htdocs\inventario1\views\private\pages\categorias\index.php on line 42
[16-Oct-2025 11:24:42 America/Bogota] PHP Fatal error:  Uncaught Error: Call to undefined method ControllerCategory::mostrarCategorias() in C:\xampp\htdocs\inventario1\views\private\pages\categorias\index.php:42
Stack trace:
#0 C:\xampp\htdocs\inventario1\views\private\backoffice.php(32): include_once()
#1 C:\xampp\htdocs\inventario1\views\template.php(51): include_once('C:\\xampp\\htdocs...')
#2 C:\xampp\htdocs\inventario1\Controllers\ControllerTemplate.php(6): include('C:\\xampp\\htdocs...')
#3 C:\xampp\htdocs\inventario1\index.php(30): ControllerTemplate->showTemplate()
#4 {main}
  thrown in C:\xampp\htdocs\inventario1\views\private\pages\categorias\index.php on line 42
[16-Oct-2025 11:24:42 America/Bogota] PHP Fatal error:  Uncaught Error: Call to undefined method ControllerCategory::mostrarCategorias() in C:\xampp\htdocs\inventario1\views\private\pages\categorias\index.php:42
Stack trace:
#0 C:\xampp\htdocs\inventario1\views\private\backoffice.php(32): include_once()
#1 C:\xampp\htdocs\inventario1\views\template.php(51): include_once('C:\\xampp\\htdocs...')
#2 C:\xampp\htdocs\inventario1\Controllers\ControllerTemplate.php(6): include('C:\\xampp\\htdocs...')
#3 C:\xampp\htdocs\inventario1\index.php(30): ControllerTemplate->showTemplate()
#4 {main}
  thrown in C:\xampp\htdocs\inventario1\views\private\pages\categorias\index.php on line 42
[16-Oct-2025 11:24:42 America/Bogota] PHP Fatal error:  Uncaught Error: Call to undefined method ControllerCategory::mostrarCategorias() in C:\xampp\htdocs\inventario1\views\private\pages\categorias\index.php:42
Stack trace:
#0 C:\xampp\htdocs\inventario1\views\private\backoffice.php(32): include_once()
#1 C:\xampp\htdocs\inventario1\views\template.php(51): include_once('C:\\xampp\\htdocs...')
#2 C:\xampp\htdocs\inventario1\Controllers\ControllerTemplate.php(6): include('C:\\xampp\\htdocs...')
#3 C:\xampp\htdocs\inventario1\index.php(30): ControllerTemplate->showTemplate()
#4 {main}
  thrown in C:\xampp\htdocs\inventario1\views\private\pages\categorias\index.php on line 42
[16-Oct-2025 11:24:43 America/Bogota] PHP Fatal error:  Uncaught Error: Call to undefined method ControllerCategory::mostrarCategorias() in C:\xampp\htdocs\inventario1\views\private\pages\categorias\index.php:42
Stack trace:
#0 C:\xampp\htdocs\inventario1\views\private\backoffice.php(32): include_once()
#1 C:\xampp\htdocs\inventario1\views\template.php(51): include_once('C:\\xampp\\htdocs...')
#2 C:\xampp\htdocs\inventario1\Controllers\ControllerTemplate.php(6): include('C:\\xampp\\htdocs...')
#3 C:\xampp\htdocs\inventario1\index.php(30): ControllerTemplate->showTemplate()
#4 {main}
  thrown in C:\xampp\htdocs\inventario1\views\private\pages\categorias\index.php on line 42
[16-Oct-2025 11:24:43 America/Bogota] PHP Fatal error:  Uncaught Error: Call to undefined method ControllerCategory::mostrarCategorias() in C:\xampp\htdocs\inventario1\views\private\pages\categorias\index.php:42
Stack trace:
#0 C:\xampp\htdocs\inventario1\views\private\backoffice.php(32): include_once()
#1 C:\xampp\htdocs\inventario1\views\template.php(51): include_once('C:\\xampp\\htdocs...')
#2 C:\xampp\htdocs\inventario1\Controllers\ControllerTemplate.php(6): include('C:\\xampp\\htdocs...')
#3 C:\xampp\htdocs\inventario1\index.php(30): ControllerTemplate->showTemplate()
#4 {main}
  thrown in C:\xampp\htdocs\inventario1\views\private\pages\categorias\index.php on line 42
[16-Oct-2025 11:24:43 America/Bogota] PHP Fatal error:  Uncaught Error: Call to undefined method ControllerCategory::mostrarCategorias() in C:\xampp\htdocs\inventario1\views\private\pages\categorias\index.php:42
Stack trace:
#0 C:\xampp\htdocs\inventario1\views\private\backoffice.php(32): include_once()
#1 C:\xampp\htdocs\inventario1\views\template.php(51): include_once('C:\\xampp\\htdocs...')
#2 C:\xampp\htdocs\inventario1\Controllers\ControllerTemplate.php(6): include('C:\\xampp\\htdocs...')
#3 C:\xampp\htdocs\inventario1\index.php(30): ControllerTemplate->showTemplate()
#4 {main}
  thrown in C:\xampp\htdocs\inventario1\views\private\pages\categorias\index.php on line 42
[16-Oct-2025 11:24:43 America/Bogota] PHP Fatal error:  Uncaught Error: Call to undefined method ControllerCategory::mostrarCategorias() in C:\xampp\htdocs\inventario1\views\private\pages\categorias\index.php:42
Stack trace:
#0 C:\xampp\htdocs\inventario1\views\private\backoffice.php(32): include_once()
#1 C:\xampp\htdocs\inventario1\views\template.php(51): include_once('C:\\xampp\\htdocs...')
#2 C:\xampp\htdocs\inventario1\Controllers\ControllerTemplate.php(6): include('C:\\xampp\\htdocs...')
#3 C:\xampp\htdocs\inventario1\index.php(30): ControllerTemplate->showTemplate()
#4 {main}
  thrown in C:\xampp\htdocs\inventario1\views\private\pages\categorias\index.php on line 42
[16-Oct-2025 11:24:44 America/Bogota] PHP Fatal error:  Uncaught Error: Call to undefined method ControllerCategory::mostrarCategorias() in C:\xampp\htdocs\inventario1\views\private\pages\categorias\index.php:42
Stack trace:
#0 C:\xampp\htdocs\inventario1\views\private\backoffice.php(32): include_once()
#1 C:\xampp\htdocs\inventario1\views\template.php(51): include_once('C:\\xampp\\htdocs...')
#2 C:\xampp\htdocs\inventario1\Controllers\ControllerTemplate.php(6): include('C:\\xampp\\htdocs...')
#3 C:\xampp\htdocs\inventario1\index.php(30): ControllerTemplate->showTemplate()
#4 {main}
  thrown in C:\xampp\htdocs\inventario1\views\private\pages\categorias\index.php on line 42
[16-Oct-2025 11:24:44 America/Bogota] PHP Fatal error:  Uncaught Error: Call to undefined method ControllerCategory::mostrarCategorias() in C:\xampp\htdocs\inventario1\views\private\pages\categorias\index.php:42
Stack trace:
#0 C:\xampp\htdocs\inventario1\views\private\backoffice.php(32): include_once()
#1 C:\xampp\htdocs\inventario1\views\template.php(51): include_once('C:\\xampp\\htdocs...')
#2 C:\xampp\htdocs\inventario1\Controllers\ControllerTemplate.php(6): include('C:\\xampp\\htdocs...')
#3 C:\xampp\htdocs\inventario1\index.php(30): ControllerTemplate->showTemplate()
#4 {main}
  thrown in C:\xampp\htdocs\inventario1\views\private\pages\categorias\index.php on line 42
